C:\Users\leal\Documents\360云\Machine_Learning_stanford\tom_ml_book\code\face_detection_MyCode\simple_NN\SimpleNN_1\Debug\SimpleNN.pdb
C:\USERS\LEAL\DOCUMENTS\360云\MACHINE_LEARNING_STANFORD\TOM_ML_BOOK\CODE\FACE_DETECTION_MYCODE\SIMPLE_NN\SIMPLENN_1\SIMPLENN\DEBUG\BACKPROP.OBJ
C:\Users\leal\Documents\360云\Machine_Learning_stanford\tom_ml_book\code\face_detection_MyCode\simple_NN\SimpleNN_1\SimpleNN\Debug\cl.command.1.tlog
C:\Users\leal\Documents\360云\Machine_Learning_stanford\tom_ml_book\code\face_detection_MyCode\simple_NN\SimpleNN_1\SimpleNN\Debug\CL.read.1.tlog
C:\Users\leal\Documents\360云\Machine_Learning_stanford\tom_ml_book\code\face_detection_MyCode\simple_NN\SimpleNN_1\SimpleNN\Debug\CL.write.1.tlog
C:\Users\leal\Documents\360云\Machine_Learning_stanford\tom_ml_book\code\face_detection_MyCode\simple_NN\SimpleNN_1\SimpleNN\Debug\link.6256.read.1.tlog
C:\Users\leal\Documents\360云\Machine_Learning_stanford\tom_ml_book\code\face_detection_MyCode\simple_NN\SimpleNN_1\SimpleNN\Debug\link.6256.write.1.tlog
C:\Users\leal\Documents\360云\Machine_Learning_stanford\tom_ml_book\code\face_detection_MyCode\simple_NN\SimpleNN_1\SimpleNN\Debug\link.6256-cvtres.read.1.tlog
C:\Users\leal\Documents\360云\Machine_Learning_stanford\tom_ml_book\code\face_detection_MyCode\simple_NN\SimpleNN_1\SimpleNN\Debug\link.6256-cvtres.write.1.tlog
C:\Users\leal\Documents\360云\Machine_Learning_stanford\tom_ml_book\code\face_detection_MyCode\simple_NN\SimpleNN_1\SimpleNN\Debug\link.command.1.tlog
C:\Users\leal\Documents\360云\Machine_Learning_stanford\tom_ml_book\code\face_detection_MyCode\simple_NN\SimpleNN_1\SimpleNN\Debug\link.read.1.tlog
C:\Users\leal\Documents\360云\Machine_Learning_stanford\tom_ml_book\code\face_detection_MyCode\simple_NN\SimpleNN_1\SimpleNN\Debug\link.write.1.tlog
C:\Users\leal\Documents\360云\Machine_Learning_stanford\tom_ml_book\code\face_detection_MyCode\simple_NN\SimpleNN_1\SimpleNN\Debug\link-cvtres.read.1.tlog
C:\Users\leal\Documents\360云\Machine_Learning_stanford\tom_ml_book\code\face_detection_MyCode\simple_NN\SimpleNN_1\SimpleNN\Debug\link-cvtres.write.1.tlog
C:\USERS\LEAL\DOCUMENTS\360云\MACHINE_LEARNING_STANFORD\TOM_ML_BOOK\CODE\FACE_DETECTION_MYCODE\SIMPLE_NN\SIMPLENN_1\SIMPLENN\DEBUG\MAIN.OBJ
C:\Users\leal\Documents\360云\Machine_Learning_stanford\tom_ml_book\code\face_detection_MyCode\simple_NN\SimpleNN_1\SimpleNN\Debug\mt.command.1.tlog
C:\Users\leal\Documents\360云\Machine_Learning_stanford\tom_ml_book\code\face_detection_MyCode\simple_NN\SimpleNN_1\SimpleNN\Debug\mt.read.1.tlog
C:\Users\leal\Documents\360云\Machine_Learning_stanford\tom_ml_book\code\face_detection_MyCode\simple_NN\SimpleNN_1\SimpleNN\Debug\mt.write.1.tlog
C:\Users\leal\Documents\360云\Machine_Learning_stanford\tom_ml_book\code\face_detection_MyCode\simple_NN\SimpleNN_1\SimpleNN\Debug\rc.command.1.tlog
C:\Users\leal\Documents\360云\Machine_Learning_stanford\tom_ml_book\code\face_detection_MyCode\simple_NN\SimpleNN_1\SimpleNN\Debug\rc.read.1.tlog
C:\Users\leal\Documents\360云\Machine_Learning_stanford\tom_ml_book\code\face_detection_MyCode\simple_NN\SimpleNN_1\SimpleNN\Debug\rc.write.1.tlog
C:\USERS\LEAL\DOCUMENTS\360云\MACHINE_LEARNING_STANFORD\TOM_ML_BOOK\CODE\FACE_DETECTION_MYCODE\SIMPLE_NN\SIMPLENN_1\SIMPLENN\DEBUG\SIMPLENN.EXE.EMBED.MANIFEST
C:\USERS\LEAL\DOCUMENTS\360云\MACHINE_LEARNING_STANFORD\TOM_ML_BOOK\CODE\FACE_DETECTION_MYCODE\SIMPLE_NN\SIMPLENN_1\SIMPLENN\DEBUG\SIMPLENN.EXE.EMBED.MANIFEST.RES
C:\Users\leal\Documents\360云\Machine_Learning_stanford\tom_ml_book\code\face_detection_MyCode\simple_NN\SimpleNN_1\SimpleNN\Debug\SimpleNN.exe.intermediate.manifest
C:\Users\leal\Documents\360云\Machine_Learning_stanford\tom_ml_book\code\face_detection_MyCode\simple_NN\SimpleNN_1\SimpleNN\Debug\SimpleNN.write.1.tlog
C:\Users\leal\Documents\360云\Machine_Learning_stanford\tom_ml_book\code\face_detection_MyCode\simple_NN\SimpleNN_1\SimpleNN\Debug\SimpleNN_manifest.rc
C:\Users\leal\Documents\360云\Machine_Learning_stanford\tom_ml_book\code\face_detection_MyCode\simple_NN\SimpleNN_1\SimpleNN\Debug\vc100.idb
C:\USERS\LEAL\DOCUMENTS\360云\MACHINE_LEARNING_STANFORD\TOM_ML_BOOK\CODE\FACE_DETECTION_MYCODE\SIMPLE_NN\SIMPLENN_1\SIMPLENN\DEBUG\VC100.PDB
