生成启动时间为 2015/12/11 22:29:22。
     1>项目“C:\Users\ling\360云盘\Machine_Learning\tom_ml_book\code\face_detection_MyCode\simple_NN\SimpleNN_1\SimpleNN\SimpleNN.vcxproj”在节点 2 上(build 个目标)。
     1>InitializeBuildStatus:
         正在创建“Debug\SimpleNN.unsuccessfulbuild”，因为已指定“AlwaysCreate”。
       ClCompile:
         c:\Program Files (x86)\Microsoft Visual Studio 10.0\VC\bin\CL.exe /c /ZI /nologo /W3 /WX- /Od /Oy- /D WIN32 /D _DEBUG /D _CONSOLE /D _UNICODE /D UNICODE /Gm /EHsc /RTC1 /MDd /GS /fp:precise /Zc:wchar_t /Zc:forScope /Fo"Debug\\" /Fd"Debug\vc100.pdb" /Gd /TP /analyze- /errorReport:prompt main.cpp
         main.cpp
       ManifestResourceCompile:
         所有输出均为最新。
       Link:
         c:\Program Files (x86)\Microsoft Visual Studio 10.0\VC\bin\link.exe /ERRORREPORT:PROMPT /OUT:"C:\Users\ling\360云盘\Machine_Learning\tom_ml_book\code\face_detection_MyCode\simple_NN\SimpleNN_1\Debug\SimpleNN.exe" /INCREMENTAL /NOLOGO kernel32.lib user32.lib gdi32.lib winspool.lib comdlg32.lib advapi32.lib shell32.lib ole32.lib oleaut32.lib uuid.lib odbc32.lib odbccp32.lib /MANIFEST /ManifestFile:"Debug\SimpleNN.exe.intermediate.manifest" /MANIFESTUAC:"level='asInvoker' uiAccess='false'" /DEBUG /PDB:"C:\Users\ling\360云盘\Machine_Learning\tom_ml_book\code\face_detection_MyCode\simple_NN\SimpleNN_1\Debug\SimpleNN.pdb" /SUBSYSTEM:CONSOLE /TLBID:1 /DYNAMICBASE /NXCOMPAT /IMPLIB:"C:\Users\ling\360云盘\Machine_Learning\tom_ml_book\code\face_detection_MyCode\simple_NN\SimpleNN_1\Debug\SimpleNN.lib" /MACHINE:X86 Debug\SimpleNN.exe.embed.manifest.res
         Debug\backprop.obj
         Debug\main.obj
       Manifest:
         C:\Program Files (x86)\Microsoft SDKs\Windows\v7.0A\bin\mt.exe /nologo /verbose /out:"Debug\SimpleNN.exe.embed.manifest" /manifest Debug\SimpleNN.exe.intermediate.manifest
         所有输出均为最新。
       LinkEmbedManifest:
         所有输出均为最新。
         SimpleNN.vcxproj -> C:\Users\ling\360云盘\Machine_Learning\tom_ml_book\code\face_detection_MyCode\simple_NN\SimpleNN_1\Debug\SimpleNN.exe
       FinalizeBuildStatus:
         正在删除文件“Debug\SimpleNN.unsuccessfulbuild”。
         正在对“Debug\SimpleNN.lastbuildstate”执行 Touch 任务。
     1>已完成生成项目“C:\Users\ling\360云盘\Machine_Learning\tom_ml_book\code\face_detection_MyCode\simple_NN\SimpleNN_1\SimpleNN\SimpleNN.vcxproj”(build 个目标)的操作。

生成成功。

已用时间 00:00:00.85
